Arguments: 
  /usr/local/bin/node /usr/local/Cellar/yarn/1.22.5/libexec/bin/yarn.js install

PATH: 
  /usr/bin:/bin:/usr/sbin:/sbin:/usr/local/bin:/opt/X11/bin:/Applications/RStudio.app/Contents/MacOS/postback

Yarn version: 
  1.22.5

Node version: 
  12.18.3

Platform: 
  darwin x64

Trace: 
  Error: https://registry.yarnpkg.com/@jbrowse%2freact-linear-view: Not found
      at Request.params.callback [as _callback] (/usr/local/Cellar/yarn/1.22.5/libexec/lib/cli.js:66988:18)
      at Request.self.callback (/usr/local/Cellar/yarn/1.22.5/libexec/lib/cli.js:140749:22)
      at Request.emit (events.js:315:20)
      at Request.<anonymous> (/usr/local/Cellar/yarn/1.22.5/libexec/lib/cli.js:141721:10)
      at Request.emit (events.js:315:20)
      at IncomingMessage.<anonymous> (/usr/local/Cellar/yarn/1.22.5/libexec/lib/cli.js:141643:12)
      at Object.onceWrapper (events.js:421:28)
      at IncomingMessage.emit (events.js:327:22)
      at endReadableNT (_stream_readable.js:1220:12)
      at processTicksAndRejections (internal/process/task_queues.js:84:21)

npm manifest: 
  {
    "private": true,
    "dependencies": {
      "@jbrowse/react-linear-view": "^1.0.2",
  "@jbrowse/plugin-circular-view": "^1.0.2",
  "fontsource-roboto": "^3.1.5"
    },
    "devDependencies": {
      "webpack": "^4.27.1",
      "webpack-cli": "^3.1.2",
      "@babel/core": "^7.2.0",
      "babel-loader": "^8.0.4",
      "@babel/preset-env": "^7.2.0",
      "@babel/preset-react": "^7.0.0"
    }
  }

yarn manifest: 
  No manifest

Lockfile: 
  No lockfile
